2015-05-11 16:05:29 DEBUG Shell:320 - Failed to detect a valid hadoop home directory
java.io.IOException: Hadoop home directory C:\Dev\workspace\lib\hadoop-2.6.0 does not exist, is not a directory, or is not an absolute path.
	at org.apache.hadoop.util.Shell.checkHadoopHome(Shell.java:312)
	at org.apache.hadoop.util.Shell.<clinit>(Shell.java:327)
	at org.apache.hadoop.util.StringUtils.<clinit>(StringUtils.java:79)
	at org.apache.hadoop.conf.Configuration.getStrings(Configuration.java:1729)
	at org.apache.hadoop.io.serializer.SerializationFactory.<init>(SerializationFactory.java:58)
	at org.apache.hadoop.mrunit.internal.io.Serialization.<init>(Serialization.java:37)
	at org.apache.hadoop.mrunit.TestDriver.getSerialization(TestDriver.java:464)
	at org.apache.hadoop.mrunit.TestDriver.copy(TestDriver.java:608)
	at org.apache.hadoop.mrunit.ReduceDriverBase.addInput(ReduceDriverBase.java:167)
	at org.apache.hadoop.mrunit.ReduceDriverBase.withInput(ReduceDriverBase.java:270)
	at ca.effpro.hadoop.mrbasics.simple.SimpleMRTest.testReducer(SimpleMRTest.java:44)
	at sun.reflect.NativeMethodAccessorImpl.invoke0(Native Method)
	at sun.reflect.NativeMethodAccessorImpl.invoke(NativeMethodAccessorImpl.java:62)
	at sun.reflect.DelegatingMethodAccessorImpl.invoke(DelegatingMethodAccessorImpl.java:43)
	at java.lang.reflect.Method.invoke(Method.java:497)
	at org.junit.runners.model.FrameworkMethod$1.runReflectiveCall(FrameworkMethod.java:50)
	at org.junit.internal.runners.model.ReflectiveCallable.run(ReflectiveCallable.java:12)
	at org.junit.runners.model.FrameworkMethod.invokeExplosively(FrameworkMethod.java:47)
	at org.junit.internal.runners.statements.InvokeMethod.evaluate(InvokeMethod.java:17)
	at org.junit.internal.runners.statements.RunBefores.evaluate(RunBefores.java:26)
	at org.junit.runners.ParentRunner.runLeaf(ParentRunner.java:325)
	at org.junit.runners.BlockJUnit4ClassRunner.runChild(BlockJUnit4ClassRunner.java:78)
	at org.junit.runners.BlockJUnit4ClassRunner.runChild(BlockJUnit4ClassRunner.java:57)
	at org.junit.runners.ParentRunner$3.run(ParentRunner.java:290)
	at org.junit.runners.ParentRunner$1.schedule(ParentRunner.java:71)
	at org.junit.runners.ParentRunner.runChildren(ParentRunner.java:288)
	at org.junit.runners.ParentRunner.access$000(ParentRunner.java:58)
	at org.junit.runners.ParentRunner$2.evaluate(ParentRunner.java:268)
	at org.junit.runners.ParentRunner.run(ParentRunner.java:363)
	at org.apache.maven.surefire.junit4.JUnit4Provider.execute(JUnit4Provider.java:252)
	at org.apache.maven.surefire.junit4.JUnit4Provider.executeTestSet(JUnit4Provider.java:141)
	at org.apache.maven.surefire.junit4.JUnit4Provider.invoke(JUnit4Provider.java:112)
	at sun.reflect.NativeMethodAccessorImpl.invoke0(Native Method)
	at sun.reflect.NativeMethodAccessorImpl.invoke(NativeMethodAccessorImpl.java:62)
	at sun.reflect.DelegatingMethodAccessorImpl.invoke(DelegatingMethodAccessorImpl.java:43)
	at java.lang.reflect.Method.invoke(Method.java:497)
	at org.apache.maven.surefire.util.ReflectionUtils.invokeMethodWithArray(ReflectionUtils.java:189)
	at org.apache.maven.surefire.booter.ProviderFactory$ProviderProxy.invoke(ProviderFactory.java:165)
	at org.apache.maven.surefire.booter.ProviderFactory.invokeProvider(ProviderFactory.java:85)
	at org.apache.maven.surefire.booter.ForkedBooter.runSuitesInProcess(ForkedBooter.java:115)
	at org.apache.maven.surefire.booter.ForkedBooter.main(ForkedBooter.java:75)
2015-05-11 16:05:29 DEBUG Shell:392 - setsid is not available on this machine. So not using it.
2015-05-11 16:05:29 DEBUG Shell:396 - setsid exited with exit code 0
2015-05-11 16:05:29 DEBUG TestDriver:338 - Reducing input (6, (1, 1))
2015-05-11 16:05:29 INFO  Mappr:32 - Set up invoked ...
2015-05-11 16:05:29 INFO  Mappr:38 - reducer invoked ...
2015-05-11 16:05:29 ERROR TestDriver:49 - Missing expected output (6, 2) at position 0.
2015-05-11 16:05:29 ERROR TestDriver:49 - Received unexpected output (6, 1) at position 1.
2015-05-11 16:05:29 ERROR TestDriver:49 - Received unexpected output (M, 1) at position 0.
2015-05-11 16:05:30 DEBUG MapDriverBase:296 - Mapping input (1, 655209;1;796764372490213;804422938115889;6)
2015-05-11 16:05:30 INFO  Mappr:34 - Set up invoked ...
2015-05-11 16:05:30 INFO  Mappr:66 - map invoked ...
2015-05-11 16:05:30 ERROR TestDriver:49 - Missing expected output (6, 1) at position 0.
2015-05-11 16:05:30 ERROR TestDriver:49 - Received unexpected output (M, 1) at position 0.
2015-05-11 16:05:30 DEBUG MapReduceDriver:252 - Starting map phase with mapper: ca.effpro.hadoop.mrbasics.simple.Mappr@4c402120
2015-05-11 16:05:30 INFO  Mappr:34 - Set up invoked ...
2015-05-11 16:05:30 INFO  Mappr:66 - map invoked ...
2015-05-11 16:05:30 DEBUG MapReduceDriver:264 - Starting reduce phase with reducer: ca.effpro.hadoop.mrbasics.simple.Redr@7586beff
2015-05-11 16:05:30 DEBUG MapReduceDriver:220 - Reducing input (M, (1))
2015-05-11 16:05:30 INFO  Mappr:32 - Set up invoked ...
2015-05-11 16:05:30 INFO  Mappr:38 - reducer invoked ...
2015-05-11 16:05:30 ERROR TestDriver:49 - Missing expected output (6, 2) at position 0.
2015-05-11 16:05:30 ERROR TestDriver:49 - Received unexpected output (M, 1) at position 0.
2015-05-11 16:05:30 ERROR TestDriver:49 - Received unexpected output (M, 1) at position 1.
