2015-05-07 03:24:54,681 [Worker-7] INFO  o.e.m.c.i.p.ProjectConfigurationManager - Collecting project info '/pom.xml' /Users/d3vl0p3r/Dev/workspace/git/ws.hadoop/hadoop/pom.xml
2015-05-07 03:24:55,192 [Worker-7] INFO  o.e.m.c.i.l.LifecycleMappingFactory - Using org.eclipse.m2e.jdt.JarLifecycleMapping lifecycle mapping for MavenProject: ca.effpro.learn:hadoop:0.0.1-SNAPSHOT @ /Users/d3vl0p3r/Dev/workspace/git/ws.hadoop/hadoop/pom.xml.
2015-05-07 03:24:55,343 [Worker-7] INFO  o.e.m.j.i.AbstractJavaProjectConfigurator - Adding source folder /hadoop/src/main/java
2015-05-07 03:24:55,344 [Worker-7] INFO  o.e.m.j.i.AbstractJavaProjectConfigurator - Adding source folder /hadoop/src/test/java
2015-05-07 03:24:55,833 [Worker-7] INFO  o.e.m.c.i.p.ProjectConfigurationManager - Imported and configured 1 project(s) in 1 sec
2015-05-07 03:24:56,337 [Worker-0] INFO  o.e.m.c.i.l.LifecycleMappingFactory - Using org.eclipse.m2e.jdt.JarLifecycleMapping lifecycle mapping for MavenProject: ca.effpro.learn:hadoop:0.0.1-SNAPSHOT @ /Users/d3vl0p3r/Dev/workspace/git/ws.hadoop/hadoop/pom.xml.
2015-05-07 03:24:56,386 [Worker-0] INFO  o.e.m.c.i.embedder.EclipseLogger - Using 'UTF-8' encoding to copy filtered resources.
2015-05-07 03:24:56,386 [Worker-0] INFO  o.e.m.c.i.embedder.EclipseLogger - skip non existing resourceDirectory /Users/d3vl0p3r/Dev/workspace/git/ws.hadoop/hadoop/src/main/resources
2015-05-07 03:24:56,388 [Worker-0] INFO  o.e.m.c.i.embedder.EclipseLogger - Using 'UTF-8' encoding to copy filtered resources.
2015-05-07 03:24:56,388 [Worker-0] INFO  o.e.m.c.i.embedder.EclipseLogger - skip non existing resourceDirectory /Users/d3vl0p3r/Dev/workspace/git/ws.hadoop/hadoop/src/test/resources
2015-05-07 03:24:56,899 [Worker-4] INFO  o.e.m.c.i.l.LifecycleMappingFactory - Using org.eclipse.m2e.jdt.JarLifecycleMapping lifecycle mapping for MavenProject: ca.effpro.learn:hadoop:0.0.1-SNAPSHOT @ /Users/d3vl0p3r/Dev/workspace/git/ws.hadoop/hadoop/pom.xml.
2015-05-07 03:24:57,434 [Worker-4] INFO  o.e.m.c.i.embedder.EclipseLogger - Using 'UTF-8' encoding to copy filtered resources.
2015-05-07 03:24:57,434 [Worker-4] INFO  o.e.m.c.i.embedder.EclipseLogger - skip non existing resourceDirectory /Users/d3vl0p3r/Dev/workspace/git/ws.hadoop/hadoop/src/main/resources
2015-05-07 03:24:57,435 [Worker-4] INFO  o.e.m.c.i.embedder.EclipseLogger - Using 'UTF-8' encoding to copy filtered resources.
2015-05-07 03:24:57,436 [Worker-4] INFO  o.e.m.c.i.embedder.EclipseLogger - skip non existing resourceDirectory /Users/d3vl0p3r/Dev/workspace/git/ws.hadoop/hadoop/src/test/resources
2015-05-07 03:26:43,238 [Worker-7] INFO  o.e.m.c.i.l.LifecycleMappingFactory - Using NULL lifecycle mapping for MavenProject: ca.effpro.learn:hadoop:0.0.1-SNAPSHOT @ /Users/d3vl0p3r/Dev/workspace/git/ws.hadoop/hadoop/pom.xml.
2015-05-07 03:27:35,555 [Worker-8] INFO  o.e.m.c.i.l.LifecycleMappingFactory - Using org.eclipse.m2e.jdt.JarLifecycleMapping lifecycle mapping for MavenProject: ca.effpro.learn.hadoop:mapreduce:0.0.1-SNAPSHOT @ /Users/d3vl0p3r/Dev/workspace/git/ws.hadoop/hadoop/mapreduce/pom.xml.
2015-05-07 03:27:35,577 [Worker-8] INFO  o.e.m.j.i.AbstractJavaProjectConfigurator - Adding source folder /mapreduce/src/main/java
2015-05-07 03:27:35,578 [Worker-8] INFO  o.e.m.j.i.AbstractJavaProjectConfigurator - Adding resource folder /mapreduce/src/main/resources
2015-05-07 03:27:35,578 [Worker-8] INFO  o.e.m.j.i.AbstractJavaProjectConfigurator - Adding source folder /mapreduce/src/test/java
2015-05-07 03:27:35,578 [Worker-8] INFO  o.e.m.j.i.AbstractJavaProjectConfigurator - Adding resource folder /mapreduce/src/test/resources
2015-05-07 03:27:35,768 [Worker-5] INFO  o.e.m.c.i.l.LifecycleMappingFactory - Using org.eclipse.m2e.jdt.JarLifecycleMapping lifecycle mapping for MavenProject: ca.effpro.learn.hadoop:mapreduce:0.0.1-SNAPSHOT @ /Users/d3vl0p3r/Dev/workspace/git/ws.hadoop/hadoop/mapreduce/pom.xml.
2015-05-07 03:27:35,797 [Worker-5] WARN  o.e.m.c.i.embedder.EclipseLogger - Using platform encoding (UTF-8 actually) to copy filtered resources, i.e. build is platform dependent!
2015-05-07 03:27:35,803 [Worker-5] INFO  o.e.m.c.i.embedder.EclipseLogger - Copying 0 resource
2015-05-07 03:27:35,804 [Worker-5] WARN  o.e.m.c.i.embedder.EclipseLogger - Using platform encoding (UTF-8 actually) to copy filtered resources, i.e. build is platform dependent!
2015-05-07 03:27:35,805 [Worker-5] INFO  o.e.m.c.i.embedder.EclipseLogger - Copying 0 resource
2015-05-07 03:27:36,631 [Worker-7] INFO  o.e.m.c.i.l.LifecycleMappingFactory - Using org.eclipse.m2e.jdt.JarLifecycleMapping lifecycle mapping for MavenProject: ca.effpro.learn.hadoop:mapreduce:0.0.1-SNAPSHOT @ /Users/d3vl0p3r/Dev/workspace/git/ws.hadoop/hadoop/mapreduce/pom.xml.
2015-05-07 03:27:36,817 [Worker-7] WARN  o.e.m.c.i.embedder.EclipseLogger - Using platform encoding (UTF-8 actually) to copy filtered resources, i.e. build is platform dependent!
2015-05-07 03:27:36,819 [Worker-7] INFO  o.e.m.c.i.embedder.EclipseLogger - Copying 0 resource
2015-05-07 03:27:36,819 [Worker-7] WARN  o.e.m.c.i.embedder.EclipseLogger - Using platform encoding (UTF-8 actually) to copy filtered resources, i.e. build is platform dependent!
2015-05-07 03:27:36,820 [Worker-7] INFO  o.e.m.c.i.embedder.EclipseLogger - Copying 0 resource
2015-05-07 03:27:49,437 [Worker-8] INFO  o.e.m.c.i.l.LifecycleMappingFactory - Using NULL lifecycle mapping for MavenProject: ca.effpro.learn:hadoop:0.0.1-SNAPSHOT @ /Users/d3vl0p3r/Dev/workspace/git/ws.hadoop/hadoop/pom.xml.
2015-05-07 03:27:49,449 [Worker-8] INFO  o.e.m.c.i.l.LifecycleMappingFactory - Using org.eclipse.m2e.jdt.JarLifecycleMapping lifecycle mapping for MavenProject: ca.effpro.learn.hadoop:mapreduce:0.0.1-SNAPSHOT @ /Users/d3vl0p3r/Dev/workspace/git/ws.hadoop/hadoop/mapreduce/pom.xml.
2015-05-07 03:27:49,477 [Worker-8] WARN  o.e.m.c.i.embedder.EclipseLogger - Using platform encoding (UTF-8 actually) to copy filtered resources, i.e. build is platform dependent!
2015-05-07 03:27:49,478 [Worker-8] INFO  o.e.m.c.i.embedder.EclipseLogger - Copying 0 resource
2015-05-07 03:27:49,479 [Worker-8] WARN  o.e.m.c.i.embedder.EclipseLogger - Using platform encoding (UTF-8 actually) to copy filtered resources, i.e. build is platform dependent!
2015-05-07 03:27:49,479 [Worker-8] INFO  o.e.m.c.i.embedder.EclipseLogger - Copying 0 resource
